<?xml version="1.0" encoding="UTF-8"?>
<coverage generated="1776693208092" clover="3.2.0">
  <project timestamp="1776693208092" name="All files">
    <metrics statements="28" coveredstatements="19" conditionals="4" coveredconditionals="3" methods="22" coveredmethods="16" elements="54" coveredelements="38" complexity="0" loc="28" ncloc="28" packages="3" files="10" classes="10"/>
    <package name="src">
      <metrics statements="9" coveredstatements="4" conditionals="2" coveredconditionals="1" methods="4" coveredmethods="1"/>
      <file name="App.tsx" path="C:\Programacion\Test\group101-vite\src\App.tsx">
        <metrics statements="3" coveredstatements="0" conditionals="0" coveredconditionals="0" methods="3" coveredmethods="0"/>
        <line num="10" count="0" type="stmt"/>
        <line num="12" count="0" type="stmt"/>
        <line num="28" count="0" type="stmt"/>
      </file>
      <file name="constants.ts" path="C:\Programacion\Test\group101-vite\src\constants.ts">
        <metrics statements="2" coveredstatements="2" conditionals="0" coveredconditionals="0" methods="0" coveredmethods="0"/>
        <line num="1" count="1" type="stmt"/>
        <line num="11" count="1" type="stmt"/>
      </file>
      <file name="main.tsx" path="C:\Programacion\Test\group101-vite\src\main.tsx">
        <metrics statements="1" coveredstatements="0" conditionals="0" coveredconditionals="0" methods="0" coveredmethods="0"/>
        <line num="6" count="0" type="stmt"/>
      </file>
      <file name="utils.ts" path="C:\Programacion\Test\group101-vite\src\utils.ts">
        <metrics statements="3" coveredstatements="2" conditionals="2" coveredconditionals="1" methods="1" coveredmethods="1"/>
        <line num="3" count="2" type="cond" truecount="1" falsecount="1"/>
        <line num="4" count="2" type="stmt"/>
        <line num="6" count="0" type="stmt"/>
      </file>
    </package>
    <package name="src.Counter">
      <metrics statements="13" coveredstatements="9" conditionals="0" coveredconditionals="0" methods="14" coveredmethods="11"/>
      <file name="Buttons.tsx" path="C:\Programacion\Test\group101-vite\src\Counter\Buttons.tsx">
        <metrics statements="3" coveredstatements="3" conditionals="0" coveredconditionals="0" methods="5" coveredmethods="5"/>
        <line num="9" count="4" type="stmt"/>
        <line num="14" count="2" type="stmt"/>
        <line num="22" count="2" type="stmt"/>
      </file>
      <file name="Counter.tsx" path="C:\Programacion\Test\group101-vite\src\Counter\Counter.tsx">
        <metrics statements="6" coveredstatements="6" conditionals="0" coveredconditionals="0" methods="6" coveredmethods="6"/>
        <line num="12" count="1" type="stmt"/>
        <line num="15" count="12" type="stmt"/>
        <line num="18" count="1" type="stmt"/>
        <line num="21" count="12" type="stmt"/>
        <line num="22" count="12" type="stmt"/>
        <line num="24" count="12" type="stmt"/>
      </file>
      <file name="ICounter.tsx" path="C:\Programacion\Test\group101-vite\src\Counter\ICounter.tsx">
        <metrics statements="0" coveredstatements="0" conditionals="0" coveredconditionals="0" methods="0" coveredmethods="0"/>
      </file>
      <file name="ResetButton.tsx" path="C:\Programacion\Test\group101-vite\src\Counter\ResetButton.tsx">
        <metrics statements="3" coveredstatements="0" conditionals="0" coveredconditionals="0" methods="2" coveredmethods="0"/>
        <line num="5" count="0" type="stmt"/>
        <line num="6" count="0" type="stmt"/>
        <line num="11" count="0" type="stmt"/>
      </file>
      <file name="setupUserEvent.tsx" path="C:\Programacion\Test\group101-vite\src\Counter\setupUserEvent.tsx">
        <metrics statements="1" coveredstatements="0" conditionals="0" coveredconditionals="0" methods="1" coveredmethods="0"/>
        <line num="10" count="0" type="stmt"/>
      </file>
    </package>
    <package name="src.mathoperations">
      <metrics statements="6" coveredstatements="6" conditionals="2" coveredconditionals="2" methods="4" coveredmethods="4"/>
      <file name="mathOperations.tsx" path="C:\Programacion\Test\group101-vite\src\mathoperations\mathOperations.tsx">
        <metrics statements="6" coveredstatements="6" conditionals="2" coveredconditionals="2" methods="4" coveredmethods="4"/>
        <line num="2" count="2" type="stmt"/>
        <line num="6" count="2" type="stmt"/>
        <line num="10" count="2" type="stmt"/>
        <line num="14" count="2" type="cond" truecount="2" falsecount="0"/>
        <line num="15" count="1" type="stmt"/>
        <line num="17" count="1" type="stmt"/>
      </file>
    </package>
  </project>
</coverage>
