{"C:\\Programacion\\Test\\group101-vite\\src\\App.tsx": {"path":"C:\\Programacion\\Test\\group101-vite\\src\\App.tsx","statementMap":{"0":{"start":{"line":10,"column":16},"end":{"line":10,"column":39}},"1":{"start":{"line":12,"column":2},"end":{"line":40,"column":null}},"2":{"start":{"line":28,"column":25},"end":{"line":28,"column":55}},"3":{"start":{"line":28,"column":45},"end":{"line":28,"column":55}}},"fnMap":{"0":{"name":"App","decl":{"start":{"line":9,"column":9},"end":{"line":9,"column":15}},"loc":{"start":{"line":9,"column":15},"end":{"line":40,"column":null}},"line":9},"1":{"name":"(anonymous_1)","decl":{"start":{"line":28,"column":10},"end":{"line":28,"column":25}},"loc":{"start":{"line":28,"column":25},"end":{"line":28,"column":55}},"line":28},"2":{"name":"(anonymous_2)","decl":{"start":{"line":28,"column":25},"end":{"line":28,"column":35}},"loc":{"start":{"line":28,"column":45},"end":{"line":28,"column":55}},"line":28}},"branchMap":{},"s":{"0":0,"1":0,"2":0,"3":0},"f":{"0":0,"1":0,"2":0},"b":{},"meta":{"lastBranch":0,"lastFunction":3,"lastStatement":4,"seen":{"f:9:9:9:15":0,"s:10:16:10:39":0,"s:12:2:40:Infinity":1,"f:28:10:28:25":1,"s:28:25:28:55":2,"f:28:25:28:35":2,"s:28:45:28:55":3}}}
,"C:\\Programacion\\Test\\group101-vite\\src\\constants.ts": {"path":"C:\\Programacion\\Test\\group101-vite\\src\\constants.ts","statementMap":{"0":{"start":{"line":1,"column":38},"end":{"line":1,"column":null}},"1":{"start":{"line":11,"column":31},"end":{"line":16,"column":null}}},"fnMap":{},"branchMap":{},"s":{"0":1,"1":1},"f":{},"b":{},"meta":{"lastBranch":0,"lastFunction":0,"lastStatement":2,"seen":{"s:1:38:1:Infinity":0,"s:11:31:16:Infinity":1}}}
,"C:\\Programacion\\Test\\group101-vite\\src\\main.tsx": {"path":"C:\\Programacion\\Test\\group101-vite\\src\\main.tsx","statementMap":{"0":{"start":{"line":6,"column":0},"end":{"line":10,"column":null}}},"fnMap":{},"branchMap":{},"s":{"0":0},"f":{},"b":{},"meta":{"lastBranch":0,"lastFunction":0,"lastStatement":1,"seen":{"s:6:0:10:Infinity":0}}}
,"C:\\Programacion\\Test\\group101-vite\\src\\utils.ts": {"path":"C:\\Programacion\\Test\\group101-vite\\src\\utils.ts","statementMap":{"0":{"start":{"line":3,"column":4},"end":{"line":4,"column":null}},"1":{"start":{"line":4,"column":8},"end":{"line":4,"column":null}},"2":{"start":{"line":6,"column":4},"end":{"line":6,"column":null}}},"fnMap":{"0":{"name":"compileCode","decl":{"start":{"line":1,"column":16},"end":{"line":1,"column":28}},"loc":{"start":{"line":2,"column":0},"end":{"line":6,"column":null}},"line":2}},"branchMap":{"0":{"loc":{"start":{"line":3,"column":4},"end":{"line":4,"column":null}},"type":"if","locations":[{"start":{"line":3,"column":4},"end":{"line":4,"column":null}},{"start":{},"end":{}}],"line":3}},"s":{"0":2,"1":2,"2":0},"f":{"0":2},"b":{"0":[2,0]},"meta":{"lastBranch":1,"lastFunction":1,"lastStatement":3,"seen":{"f:1:16:1:28":0,"b:3:4:4:Infinity:undefined:undefined:undefined:undefined":0,"s:3:4:4:Infinity":0,"s:4:8:4:Infinity":1,"s:6:4:6:Infinity":2}}}
,"C:\\Programacion\\Test\\group101-vite\\src\\Counter\\Buttons.tsx": {"path":"C:\\Programacion\\Test\\group101-vite\\src\\Counter\\Buttons.tsx","statementMap":{"0":{"start":{"line":9,"column":2},"end":{"line":26,"column":null}},"1":{"start":{"line":14,"column":23},"end":{"line":14,"column":53}},"2":{"start":{"line":14,"column":44},"end":{"line":14,"column":53}},"3":{"start":{"line":22,"column":23},"end":{"line":22,"column":53}},"4":{"start":{"line":22,"column":44},"end":{"line":22,"column":53}}},"fnMap":{"0":{"name":"Buttons","decl":{"start":{"line":8,"column":16},"end":{"line":8,"column":24}},"loc":{"start":{"line":8,"column":66},"end":{"line":26,"column":null}},"line":8},"1":{"name":"(anonymous_1)","decl":{"start":{"line":14,"column":8},"end":{"line":14,"column":23}},"loc":{"start":{"line":14,"column":23},"end":{"line":14,"column":53}},"line":14},"2":{"name":"(anonymous_2)","decl":{"start":{"line":14,"column":23},"end":{"line":14,"column":35}},"loc":{"start":{"line":14,"column":44},"end":{"line":14,"column":53}},"line":14},"3":{"name":"(anonymous_3)","decl":{"start":{"line":22,"column":8},"end":{"line":22,"column":23}},"loc":{"start":{"line":22,"column":23},"end":{"line":22,"column":53}},"line":22},"4":{"name":"(anonymous_4)","decl":{"start":{"line":22,"column":23},"end":{"line":22,"column":35}},"loc":{"start":{"line":22,"column":44},"end":{"line":22,"column":53}},"line":22}},"branchMap":{},"s":{"0":4,"1":2,"2":2,"3":2,"4":2},"f":{"0":4,"1":2,"2":2,"3":2,"4":2},"b":{},"meta":{"lastBranch":0,"lastFunction":5,"lastStatement":5,"seen":{"f:8:16:8:24":0,"s:9:2:26:Infinity":0,"f:14:8:14:23":1,"s:14:23:14:53":1,"f:14:23:14:35":2,"s:14:44:14:53":2,"f:22:8:22:23":3,"s:22:23:22:53":3,"f:22:23:22:35":4,"s:22:44:22:53":4}}}
,"C:\\Programacion\\Test\\group101-vite\\src\\Counter\\Counter.tsx": {"path":"C:\\Programacion\\Test\\group101-vite\\src\\Counter\\Counter.tsx","statementMap":{"0":{"start":{"line":12,"column":27},"end":{"line":12,"column":null}},"1":{"start":{"line":15,"column":16},"end":{"line":15,"column":39}},"2":{"start":{"line":18,"column":4},"end":{"line":18,"column":null}},"3":{"start":{"line":21,"column":8},"end":{"line":21,"column":54}},"4":{"start":{"line":21,"column":32},"end":{"line":21,"column":54}},"5":{"start":{"line":21,"column":48},"end":{"line":21,"column":54}},"6":{"start":{"line":22,"column":8},"end":{"line":22,"column":54}},"7":{"start":{"line":22,"column":32},"end":{"line":22,"column":54}},"8":{"start":{"line":22,"column":48},"end":{"line":22,"column":54}},"9":{"start":{"line":24,"column":2},"end":{"line":59,"column":null}}},"fnMap":{"0":{"name":"Counter","decl":{"start":{"line":14,"column":24},"end":{"line":14,"column":34}},"loc":{"start":{"line":14,"column":34},"end":{"line":59,"column":null}},"line":14},"1":{"name":"reset","decl":{"start":{"line":17,"column":11},"end":{"line":17,"column":19}},"loc":{"start":{"line":17,"column":19},"end":{"line":18,"column":null}},"line":17},"2":{"name":"(anonymous_2)","decl":{"start":{"line":21,"column":8},"end":{"line":21,"column":32}},"loc":{"start":{"line":21,"column":32},"end":{"line":21,"column":54}},"line":21},"3":{"name":"(anonymous_3)","decl":{"start":{"line":21,"column":32},"end":{"line":21,"column":42}},"loc":{"start":{"line":21,"column":48},"end":{"line":21,"column":54}},"line":21},"4":{"name":"(anonymous_4)","decl":{"start":{"line":22,"column":8},"end":{"line":22,"column":32}},"loc":{"start":{"line":22,"column":32},"end":{"line":22,"column":54}},"line":22},"5":{"name":"(anonymous_5)","decl":{"start":{"line":22,"column":32},"end":{"line":22,"column":42}},"loc":{"start":{"line":22,"column":48},"end":{"line":22,"column":54}},"line":22}},"branchMap":{},"s":{"0":1,"1":12,"2":1,"3":12,"4":3,"5":3,"6":12,"7":2,"8":2,"9":12},"f":{"0":12,"1":1,"2":3,"3":3,"4":2,"5":2},"b":{},"meta":{"lastBranch":0,"lastFunction":6,"lastStatement":10,"seen":{"s:12:27:12:Infinity":0,"f:14:24:14:34":0,"s:15:16:15:39":1,"f:17:11:17:19":1,"s:18:4:18:Infinity":2,"s:21:8:21:54":3,"f:21:8:21:32":2,"s:21:32:21:54":4,"f:21:32:21:42":3,"s:21:48:21:54":5,"s:22:8:22:54":6,"f:22:8:22:32":4,"s:22:32:22:54":7,"f:22:32:22:42":5,"s:22:48:22:54":8,"s:24:2:59:Infinity":9}}}
,"C:\\Programacion\\Test\\group101-vite\\src\\Counter\\ICounter.tsx": {"path":"C:\\Programacion\\Test\\group101-vite\\src\\Counter\\ICounter.tsx","statementMap":{},"fnMap":{},"branchMap":{},"s":{},"f":{},"b":{},"meta":{"lastBranch":0,"lastFunction":0,"lastStatement":0,"seen":{}}}
,"C:\\Programacion\\Test\\group101-vite\\src\\Counter\\ResetButton.tsx": {"path":"C:\\Programacion\\Test\\group101-vite\\src\\Counter\\ResetButton.tsx","statementMap":{"0":{"start":{"line":5,"column":13},"end":{"line":15,"column":null}},"1":{"start":{"line":6,"column":4},"end":{"line":15,"column":null}},"2":{"start":{"line":11,"column":31},"end":{"line":11,"column":44}}},"fnMap":{"0":{"name":"(anonymous_0)","decl":{"start":{"line":5,"column":13},"end":{"line":5,"column":28}},"loc":{"start":{"line":5,"column":74},"end":{"line":15,"column":null}},"line":5},"1":{"name":"(anonymous_1)","decl":{"start":{"line":11,"column":16},"end":{"line":11,"column":31}},"loc":{"start":{"line":11,"column":31},"end":{"line":11,"column":44}},"line":11}},"branchMap":{},"s":{"0":0,"1":0,"2":0},"f":{"0":0,"1":0},"b":{},"meta":{"lastBranch":0,"lastFunction":2,"lastStatement":3,"seen":{"s:5:13:15:Infinity":0,"f:5:13:5:28":0,"s:6:4:15:Infinity":1,"f:11:16:11:31":1,"s:11:31:11:44":2}}}
,"C:\\Programacion\\Test\\group101-vite\\src\\Counter\\setupUserEvent.tsx": {"path":"C:\\Programacion\\Test\\group101-vite\\src\\Counter\\setupUserEvent.tsx","statementMap":{"0":{"start":{"line":10,"column":4},"end":{"line":13,"column":null}}},"fnMap":{"0":{"name":"setupUserEvent","decl":{"start":{"line":9,"column":9},"end":{"line":9,"column":24}},"loc":{"start":{"line":9,"column":66},"end":{"line":13,"column":null}},"line":9}},"branchMap":{},"s":{"0":0},"f":{"0":0},"b":{},"meta":{"lastBranch":0,"lastFunction":1,"lastStatement":1,"seen":{"f:9:9:9:24":0,"s:10:4:13:Infinity":0}}}
,"C:\\Programacion\\Test\\group101-vite\\src\\mathoperations\\mathOperations.tsx": {"path":"C:\\Programacion\\Test\\group101-vite\\src\\mathoperations\\mathOperations.tsx","statementMap":{"0":{"start":{"line":2,"column":2},"end":{"line":2,"column":null}},"1":{"start":{"line":6,"column":2},"end":{"line":6,"column":null}},"2":{"start":{"line":10,"column":2},"end":{"line":10,"column":null}},"3":{"start":{"line":14,"column":2},"end":{"line":15,"column":null}},"4":{"start":{"line":15,"column":4},"end":{"line":15,"column":null}},"5":{"start":{"line":17,"column":2},"end":{"line":17,"column":null}}},"fnMap":{"0":{"name":"add","decl":{"start":{"line":1,"column":16},"end":{"line":1,"column":20}},"loc":{"start":{"line":1,"column":50},"end":{"line":2,"column":null}},"line":1},"1":{"name":"subtract","decl":{"start":{"line":5,"column":16},"end":{"line":5,"column":25}},"loc":{"start":{"line":5,"column":55},"end":{"line":6,"column":null}},"line":5},"2":{"name":"multiply","decl":{"start":{"line":9,"column":16},"end":{"line":9,"column":25}},"loc":{"start":{"line":9,"column":55},"end":{"line":10,"column":null}},"line":9},"3":{"name":"divide","decl":{"start":{"line":13,"column":16},"end":{"line":13,"column":23}},"loc":{"start":{"line":13,"column":53},"end":{"line":17,"column":null}},"line":13}},"branchMap":{"0":{"loc":{"start":{"line":14,"column":2},"end":{"line":15,"column":null}},"type":"if","locations":[{"start":{"line":14,"column":2},"end":{"line":15,"column":null}},{"start":{},"end":{}}],"line":14}},"s":{"0":2,"1":2,"2":2,"3":2,"4":1,"5":1},"f":{"0":2,"1":2,"2":2,"3":2},"b":{"0":[1,1]},"meta":{"lastBranch":1,"lastFunction":4,"lastStatement":6,"seen":{"f:1:16:1:20":0,"s:2:2:2:Infinity":0,"f:5:16:5:25":1,"s:6:2:6:Infinity":1,"f:9:16:9:25":2,"s:10:2:10:Infinity":2,"f:13:16:13:23":3,"b:14:2:15:Infinity:undefined:undefined:undefined:undefined":0,"s:14:2:15:Infinity":3,"s:15:4:15:Infinity":4,"s:17:2:17:Infinity":5}}}
}
